<?xml version="1.0" encoding="UTF-8"?>
<!-- Generated by org.testng.reporters.JUnitReportReporter -->
<testsuite hostname="DESKTOP-Q0MI4L6" failures="0" tests="2" name="geethanjali.testcomponents.Amazon" time="37.774" errors="0" timestamp="2025-06-25T21:28:10 IST" skipped="0">
  <testcase classname="geethanjali.testcomponents.Amazon" name="dropDown" time="23.727"/>
  <system-out/>
  <testcase classname="geethanjali.testcomponents.Amazon" name="totalSearch" time="14.047"/>
  <system-out/>
</testsuite> <!-- geethanjali.testcomponents.Amazon -->
